e:\klasekoa\pbl\løkhode\01simplestaticdemo\debug\vc142.pdb
e:\klasekoa\pbl\løkhode\01simplestaticdemo\debug\vc142.idb
e:\klasekoa\pbl\løkhode\01simplestaticdemo\debug\rondak.obj
e:\klasekoa\pbl\løkhode\01simplestaticdemo\debug\pausamenua.obj
e:\klasekoa\pbl\løkhode\01simplestaticdemo\debug\mobs.obj
e:\klasekoa\pbl\løkhode\01simplestaticdemo\debug\minimapa.obj
e:\klasekoa\pbl\løkhode\01simplestaticdemo\debug\menuarmas.obj
e:\klasekoa\pbl\løkhode\01simplestaticdemo\debug\menua.obj
e:\klasekoa\pbl\løkhode\01simplestaticdemo\debug\main.obj
e:\klasekoa\pbl\løkhode\01simplestaticdemo\debug\lore.obj
e:\klasekoa\pbl\løkhode\01simplestaticdemo\debug\kredituak.obj
e:\klasekoa\pbl\løkhode\01simplestaticdemo\debug\pertsonaia.obj
e:\klasekoa\pbl\løkhode\01simplestaticdemo\debug\interfaz.obj
e:\klasekoa\pbl\løkhode\01simplestaticdemo\debug\funtzioak.obj
e:\klasekoa\pbl\løkhode\01simplestaticdemo\debug\bukaeramenuak.obj
e:\klasekoa\pbl\løkhode\01simplestaticdemo\debug\aukerak.obj
e:\klasekoa\pbl\løkhode\01simplestaticdemo\debug\armak.obj
e:\klasekoa\pbl\løkhode\01simplestaticdemo\debug\text.obj
e:\klasekoa\pbl\løkhode\01simplestaticdemo\debug\soinua.obj
e:\klasekoa\pbl\løkhode\01simplestaticdemo\debug\imagen.obj
e:\klasekoa\pbl\løkhode\01simplestaticdemo\debug\graphics.obj
e:\klasekoa\pbl\løkhode\01simplestaticdemo\debug\ebentoak.obj
e:\klasekoa\pbl\løkhode\debug\løkhode.ilk
e:\klasekoa\pbl\løkhode\debug\løkhode.exe
e:\klasekoa\pbl\løkhode\debug\løkhode.pdb
e:\klasekoa\pbl\løkhode\01simplestaticdemo\debug\løkhode.tlog\cl.command.1.tlog
e:\klasekoa\pbl\løkhode\01simplestaticdemo\debug\løkhode.tlog\cl.read.1.tlog
e:\klasekoa\pbl\løkhode\01simplestaticdemo\debug\løkhode.tlog\cl.write.1.tlog
e:\klasekoa\pbl\løkhode\01simplestaticdemo\debug\løkhode.tlog\link.command.1.tlog
e:\klasekoa\pbl\løkhode\01simplestaticdemo\debug\løkhode.tlog\link.read.1.tlog
e:\klasekoa\pbl\løkhode\01simplestaticdemo\debug\løkhode.tlog\link.write.1.tlog
